2023-06-27 19:25:47,101 INFO    StreamThr :58069 [internal.py:wandb_internal():87] W&B internal server running at pid: 58069, started at: 2023-06-27 19:25:47.101208
2023-06-27 19:25:47,103 DEBUG   HandlerThread:58069 [handler.py:handle_request():144] handle_request: status
2023-06-27 19:25:47,111 INFO    WriterThread:58069 [datastore.py:open_for_write():85] open: /home/vadim/potts_3d_new/wandb/run-20230627_192547-abie39zw/run-abie39zw.wandb
2023-06-27 19:25:47,111 DEBUG   SenderThread:58069 [sender.py:send():336] send: header
2023-06-27 19:25:47,127 DEBUG   SenderThread:58069 [sender.py:send():336] send: run
2023-06-27 19:25:47,906 INFO    SenderThread:58069 [dir_watcher.py:__init__():219] watching files in: /home/vadim/potts_3d_new/wandb/run-20230627_192547-abie39zw/files
2023-06-27 19:25:47,906 INFO    SenderThread:58069 [sender.py:_start_run_threads():1078] run started: abie39zw with start time 1687883147.105092
2023-06-27 19:25:47,906 DEBUG   SenderThread:58069 [sender.py:send_request():363] send_request: summary_record
2023-06-27 19:25:47,907 INFO    SenderThread:58069 [sender.py:_save_file():1332] saving file wandb-summary.json with policy end
2023-06-27 19:25:47,911 DEBUG   HandlerThread:58069 [handler.py:handle_request():144] handle_request: check_version
2023-06-27 19:25:47,912 DEBUG   SenderThread:58069 [sender.py:send_request():363] send_request: check_version
2023-06-27 19:25:48,120 DEBUG   HandlerThread:58069 [handler.py:handle_request():144] handle_request: run_start
2023-06-27 19:25:48,123 DEBUG   HandlerThread:58069 [system_info.py:__init__():31] System info init
2023-06-27 19:25:48,123 DEBUG   HandlerThread:58069 [system_info.py:__init__():46] System info init done
2023-06-27 19:25:48,123 INFO    HandlerThread:58069 [system_monitor.py:start():183] Starting system monitor
2023-06-27 19:25:48,123 INFO    SystemMonitor:58069 [system_monitor.py:_start():147] Starting system asset monitoring threads
2023-06-27 19:25:48,124 INFO    HandlerThread:58069 [system_monitor.py:probe():204] Collecting system info
2023-06-27 19:25:48,124 INFO    SystemMonitor:58069 [interfaces.py:start():187] Started cpu monitoring
2023-06-27 19:25:48,125 INFO    SystemMonitor:58069 [interfaces.py:start():187] Started disk monitoring
2023-06-27 19:25:48,127 INFO    SystemMonitor:58069 [interfaces.py:start():187] Started memory monitoring
2023-06-27 19:25:48,127 INFO    SystemMonitor:58069 [interfaces.py:start():187] Started network monitoring
2023-06-27 19:25:48,155 DEBUG   HandlerThread:58069 [system_info.py:probe():195] Probing system
2023-06-27 19:25:48,172 DEBUG   HandlerThread:58069 [git.py:repo():40] git repository is invalid
2023-06-27 19:25:48,173 DEBUG   HandlerThread:58069 [system_info.py:probe():240] Probing system done
2023-06-27 19:25:48,174 DEBUG   HandlerThread:58069 [system_monitor.py:probe():213] {'os': 'Linux-5.15.0-72-generic-x86_64-with-glibc2.29', 'python': '3.8.10', 'heartbeatAt': '2023-06-27T16:25:48.156329', 'startedAt': '2023-06-27T16:25:47.088331', 'docker': None, 'cuda': None, 'args': None, 'state': 'running', 'program': 'potts_3d_new/Untitled.ipynb', 'root': '/home/vadim', 'host': 'Vadim-Laptop', 'username': 'vadim', 'executable': '/usr/bin/python3', 'cpu_count': 2, 'cpu_count_logical': 4, 'cpu_freq': {'current': 2012.80375, 'min': 400.0, 'max': 2300.0}, 'cpu_freq_per_core': [{'current': 1151.215, 'min': 400.0, 'max': 2300.0}, {'current': 2300.0, 'min': 400.0, 'max': 2300.0}, {'current': 2300.0, 'min': 400.0, 'max': 2300.0}, {'current': 1196.308, 'min': 400.0, 'max': 2300.0}], 'disk': {'total': 48.99898147583008, 'used': 37.63057327270508}, 'memory': {'total': 7.644622802734375}}
2023-06-27 19:25:48,174 INFO    HandlerThread:58069 [system_monitor.py:probe():214] Finished collecting system info
2023-06-27 19:25:48,174 INFO    HandlerThread:58069 [system_monitor.py:probe():217] Publishing system info
2023-06-27 19:25:48,174 DEBUG   HandlerThread:58069 [system_info.py:_save_pip():51] Saving list of pip packages installed into the current environment
2023-06-27 19:25:48,176 DEBUG   HandlerThread:58069 [system_info.py:_save_pip():67] Saving pip packages done
2023-06-27 19:25:48,177 INFO    HandlerThread:58069 [system_monitor.py:probe():219] Finished publishing system info
2023-06-27 19:25:48,184 DEBUG   SenderThread:58069 [sender.py:send():336] send: files
2023-06-27 19:25:48,184 INFO    SenderThread:58069 [sender.py:_save_file():1332] saving file wandb-metadata.json with policy now
2023-06-27 19:25:48,214 DEBUG   HandlerThread:58069 [handler.py:handle_request():144] handle_request: stop_status
2023-06-27 19:25:48,217 DEBUG   SenderThread:58069 [sender.py:send_request():363] send_request: stop_status
2023-06-27 19:25:48,222 DEBUG   HandlerThread:58069 [handler.py:handle_request():144] handle_request: pause
2023-06-27 19:25:48,223 INFO    HandlerThread:58069 [handler.py:handle_request_pause():716] stopping system metrics thread or process
2023-06-27 19:25:48,223 INFO    HandlerThread:58069 [system_monitor.py:finish():193] Stopping system monitor
2023-06-27 19:25:48,225 DEBUG   SystemMonitor:58069 [system_monitor.py:_start():161] Starting system metrics aggregation loop
2023-06-27 19:25:48,225 INFO    HandlerThread:58069 [interfaces.py:finish():199] Joined cpu monitor
2023-06-27 19:25:48,227 INFO    HandlerThread:58069 [interfaces.py:finish():199] Joined disk monitor
2023-06-27 19:25:48,227 INFO    HandlerThread:58069 [interfaces.py:finish():199] Joined memory monitor
2023-06-27 19:25:48,228 INFO    HandlerThread:58069 [interfaces.py:finish():199] Joined network monitor
2023-06-27 19:25:48,225 DEBUG   SystemMonitor:58069 [system_monitor.py:_start():168] Finished system metrics aggregation loop
2023-06-27 19:25:48,228 DEBUG   SystemMonitor:58069 [system_monitor.py:_start():172] Publishing last batch of metrics
2023-06-27 19:25:48,587 DEBUG   SenderThread:58069 [sender.py:send():336] send: telemetry
2023-06-27 19:25:48,587 DEBUG   SenderThread:58069 [sender.py:send():336] send: stats
2023-06-27 19:25:48,917 INFO    Thread-13 :58069 [dir_watcher.py:_on_file_created():278] file/dir created: /home/vadim/potts_3d_new/wandb/run-20230627_192547-abie39zw/files/requirements.txt
2023-06-27 19:25:48,918 INFO    Thread-13 :58069 [dir_watcher.py:_on_file_created():278] file/dir created: /home/vadim/potts_3d_new/wandb/run-20230627_192547-abie39zw/files/wandb-metadata.json
2023-06-27 19:25:48,919 INFO    Thread-13 :58069 [dir_watcher.py:_on_file_created():278] file/dir created: /home/vadim/potts_3d_new/wandb/run-20230627_192547-abie39zw/files/wandb-summary.json
2023-06-27 19:25:49,087 INFO    wandb-upload_0:58069 [upload_job.py:push():138] Uploaded file /tmp/tmp479sri25wandb/y8kiqgfs-wandb-metadata.json
2023-06-27 19:25:52,590 DEBUG   HandlerThread:58069 [handler.py:handle_request():144] handle_request: status_report
2023-06-27 19:25:57,591 DEBUG   HandlerThread:58069 [handler.py:handle_request():144] handle_request: status_report
2023-06-27 19:26:02,593 DEBUG   HandlerThread:58069 [handler.py:handle_request():144] handle_request: status_report
2023-06-27 19:26:03,213 DEBUG   HandlerThread:58069 [handler.py:handle_request():144] handle_request: stop_status
2023-06-27 19:26:03,214 DEBUG   SenderThread:58069 [sender.py:send_request():363] send_request: stop_status
2023-06-27 19:26:08,538 DEBUG   HandlerThread:58069 [handler.py:handle_request():144] handle_request: status_report
2023-06-27 19:26:13,540 DEBUG   HandlerThread:58069 [handler.py:handle_request():144] handle_request: status_report
2023-06-27 19:26:18,217 DEBUG   HandlerThread:58069 [handler.py:handle_request():144] handle_request: stop_status
2023-06-27 19:26:18,220 DEBUG   SenderThread:58069 [sender.py:send_request():363] send_request: stop_status
2023-06-27 19:26:18,640 DEBUG   HandlerThread:58069 [handler.py:handle_request():144] handle_request: status_report
2023-06-27 19:26:19,939 INFO    Thread-13 :58069 [dir_watcher.py:_on_file_modified():295] file/dir modified: /home/vadim/potts_3d_new/wandb/run-20230627_192547-abie39zw/files/config.yaml
2023-06-27 19:26:24,050 DEBUG   HandlerThread:58069 [handler.py:handle_request():144] handle_request: status_report
2023-06-27 19:26:29,052 DEBUG   HandlerThread:58069 [handler.py:handle_request():144] handle_request: status_report
2023-06-27 19:26:33,215 DEBUG   HandlerThread:58069 [handler.py:handle_request():144] handle_request: stop_status
2023-06-27 19:26:33,216 DEBUG   SenderThread:58069 [sender.py:send_request():363] send_request: stop_status
2023-06-27 19:26:34,533 DEBUG   HandlerThread:58069 [handler.py:handle_request():144] handle_request: status_report
2023-06-27 19:26:39,535 DEBUG   HandlerThread:58069 [handler.py:handle_request():144] handle_request: status_report
2023-06-27 19:26:44,536 DEBUG   HandlerThread:58069 [handler.py:handle_request():144] handle_request: status_report
2023-06-27 19:26:48,215 DEBUG   HandlerThread:58069 [handler.py:handle_request():144] handle_request: stop_status
2023-06-27 19:26:48,218 DEBUG   SenderThread:58069 [sender.py:send_request():363] send_request: stop_status
2023-06-27 19:26:49,594 DEBUG   HandlerThread:58069 [handler.py:handle_request():144] handle_request: status_report
2023-06-27 19:26:54,596 DEBUG   HandlerThread:58069 [handler.py:handle_request():144] handle_request: status_report
2023-06-27 19:26:59,598 DEBUG   HandlerThread:58069 [handler.py:handle_request():144] handle_request: status_report
2023-06-27 19:27:03,218 DEBUG   HandlerThread:58069 [handler.py:handle_request():144] handle_request: stop_status
2023-06-27 19:27:03,220 DEBUG   SenderThread:58069 [sender.py:send_request():363] send_request: stop_status
2023-06-27 19:27:05,540 DEBUG   HandlerThread:58069 [handler.py:handle_request():144] handle_request: status_report
2023-06-27 19:27:10,542 DEBUG   HandlerThread:58069 [handler.py:handle_request():144] handle_request: status_report
2023-06-27 19:27:15,543 DEBUG   HandlerThread:58069 [handler.py:handle_request():144] handle_request: status_report
2023-06-27 19:27:18,217 DEBUG   HandlerThread:58069 [handler.py:handle_request():144] handle_request: stop_status
2023-06-27 19:27:18,217 DEBUG   SenderThread:58069 [sender.py:send_request():363] send_request: stop_status
2023-06-27 19:27:20,598 DEBUG   HandlerThread:58069 [handler.py:handle_request():144] handle_request: status_report
2023-06-27 19:27:25,599 DEBUG   HandlerThread:58069 [handler.py:handle_request():144] handle_request: status_report
2023-06-27 19:27:30,601 DEBUG   HandlerThread:58069 [handler.py:handle_request():144] handle_request: status_report
2023-06-27 19:27:33,218 DEBUG   HandlerThread:58069 [handler.py:handle_request():144] handle_request: stop_status
2023-06-27 19:27:33,220 DEBUG   SenderThread:58069 [sender.py:send_request():363] send_request: stop_status
2023-06-27 19:27:35,646 DEBUG   HandlerThread:58069 [handler.py:handle_request():144] handle_request: status_report
2023-06-27 19:27:40,648 DEBUG   HandlerThread:58069 [handler.py:handle_request():144] handle_request: status_report
2023-06-27 19:27:45,651 DEBUG   HandlerThread:58069 [handler.py:handle_request():144] handle_request: status_report
2023-06-27 19:27:48,219 DEBUG   HandlerThread:58069 [handler.py:handle_request():144] handle_request: stop_status
2023-06-27 19:27:48,220 DEBUG   SenderThread:58069 [sender.py:send_request():363] send_request: stop_status
2023-06-27 19:27:51,499 DEBUG   HandlerThread:58069 [handler.py:handle_request():144] handle_request: status_report
2023-06-27 19:27:56,501 DEBUG   HandlerThread:58069 [handler.py:handle_request():144] handle_request: status_report
2023-06-27 19:28:01,503 DEBUG   HandlerThread:58069 [handler.py:handle_request():144] handle_request: status_report
2023-06-27 19:28:03,219 DEBUG   HandlerThread:58069 [handler.py:handle_request():144] handle_request: stop_status
2023-06-27 19:28:03,222 DEBUG   SenderThread:58069 [sender.py:send_request():363] send_request: stop_status
2023-06-27 19:28:06,618 DEBUG   HandlerThread:58069 [handler.py:handle_request():144] handle_request: status_report
2023-06-27 19:28:11,620 DEBUG   HandlerThread:58069 [handler.py:handle_request():144] handle_request: status_report
2023-06-27 19:28:16,621 DEBUG   HandlerThread:58069 [handler.py:handle_request():144] handle_request: status_report
2023-06-27 19:28:18,219 DEBUG   HandlerThread:58069 [handler.py:handle_request():144] handle_request: stop_status
2023-06-27 19:28:18,220 DEBUG   SenderThread:58069 [sender.py:send_request():363] send_request: stop_status
2023-06-27 19:28:22,607 DEBUG   HandlerThread:58069 [handler.py:handle_request():144] handle_request: status_report
2023-06-27 19:28:27,609 DEBUG   HandlerThread:58069 [handler.py:handle_request():144] handle_request: status_report
2023-06-27 19:28:32,611 DEBUG   HandlerThread:58069 [handler.py:handle_request():144] handle_request: status_report
2023-06-27 19:28:33,221 DEBUG   HandlerThread:58069 [handler.py:handle_request():144] handle_request: stop_status
2023-06-27 19:28:33,223 DEBUG   SenderThread:58069 [sender.py:send_request():363] send_request: stop_status
2023-06-27 19:28:38,552 DEBUG   HandlerThread:58069 [handler.py:handle_request():144] handle_request: status_report
2023-06-27 19:28:43,554 DEBUG   HandlerThread:58069 [handler.py:handle_request():144] handle_request: status_report
2023-06-27 19:28:48,219 DEBUG   HandlerThread:58069 [handler.py:handle_request():144] handle_request: stop_status
2023-06-27 19:28:48,221 DEBUG   SenderThread:58069 [sender.py:send_request():363] send_request: stop_status
2023-06-27 19:28:49,510 DEBUG   HandlerThread:58069 [handler.py:handle_request():144] handle_request: status_report
2023-06-27 19:28:54,512 DEBUG   HandlerThread:58069 [handler.py:handle_request():144] handle_request: status_report
2023-06-27 19:28:59,514 DEBUG   HandlerThread:58069 [handler.py:handle_request():144] handle_request: status_report
2023-06-27 19:29:03,219 DEBUG   HandlerThread:58069 [handler.py:handle_request():144] handle_request: stop_status
2023-06-27 19:29:03,221 DEBUG   SenderThread:58069 [sender.py:send_request():363] send_request: stop_status
2023-06-27 19:29:04,560 DEBUG   HandlerThread:58069 [handler.py:handle_request():144] handle_request: status_report
2023-06-27 19:29:09,562 DEBUG   HandlerThread:58069 [handler.py:handle_request():144] handle_request: status_report
2023-06-27 19:29:14,563 DEBUG   HandlerThread:58069 [handler.py:handle_request():144] handle_request: status_report
2023-06-27 19:29:18,221 DEBUG   HandlerThread:58069 [handler.py:handle_request():144] handle_request: stop_status
2023-06-27 19:29:18,222 DEBUG   SenderThread:58069 [sender.py:send_request():363] send_request: stop_status
2023-06-27 19:29:19,608 DEBUG   HandlerThread:58069 [handler.py:handle_request():144] handle_request: status_report
2023-06-27 19:29:24,610 DEBUG   HandlerThread:58069 [handler.py:handle_request():144] handle_request: status_report
2023-06-27 19:29:29,612 DEBUG   HandlerThread:58069 [handler.py:handle_request():144] handle_request: status_report
2023-06-27 19:29:33,219 DEBUG   HandlerThread:58069 [handler.py:handle_request():144] handle_request: stop_status
2023-06-27 19:29:33,221 DEBUG   SenderThread:58069 [sender.py:send_request():363] send_request: stop_status
2023-06-27 19:29:34,654 DEBUG   HandlerThread:58069 [handler.py:handle_request():144] handle_request: status_report
2023-06-27 19:29:39,656 DEBUG   HandlerThread:58069 [handler.py:handle_request():144] handle_request: status_report
2023-06-27 19:29:44,658 DEBUG   HandlerThread:58069 [handler.py:handle_request():144] handle_request: status_report
2023-06-27 19:29:48,223 DEBUG   HandlerThread:58069 [handler.py:handle_request():144] handle_request: stop_status
2023-06-27 19:29:48,224 DEBUG   SenderThread:58069 [sender.py:send_request():363] send_request: stop_status
2023-06-27 19:29:50,567 DEBUG   HandlerThread:58069 [handler.py:handle_request():144] handle_request: status_report
2023-06-27 19:29:55,570 DEBUG   HandlerThread:58069 [handler.py:handle_request():144] handle_request: status_report
2023-06-27 19:30:00,572 DEBUG   HandlerThread:58069 [handler.py:handle_request():144] handle_request: status_report
2023-06-27 19:30:03,221 DEBUG   HandlerThread:58069 [handler.py:handle_request():144] handle_request: stop_status
2023-06-27 19:30:03,223 DEBUG   SenderThread:58069 [sender.py:send_request():363] send_request: stop_status
2023-06-27 19:30:06,563 DEBUG   HandlerThread:58069 [handler.py:handle_request():144] handle_request: status_report
2023-06-27 19:30:11,566 DEBUG   HandlerThread:58069 [handler.py:handle_request():144] handle_request: status_report
2023-06-27 19:30:16,568 DEBUG   HandlerThread:58069 [handler.py:handle_request():144] handle_request: status_report
2023-06-27 19:30:18,222 DEBUG   HandlerThread:58069 [handler.py:handle_request():144] handle_request: stop_status
2023-06-27 19:30:18,223 DEBUG   SenderThread:58069 [sender.py:send_request():363] send_request: stop_status
2023-06-27 19:30:22,512 DEBUG   HandlerThread:58069 [handler.py:handle_request():144] handle_request: status_report
2023-06-27 19:30:27,514 DEBUG   HandlerThread:58069 [handler.py:handle_request():144] handle_request: status_report
2023-06-27 19:30:32,516 DEBUG   HandlerThread:58069 [handler.py:handle_request():144] handle_request: status_report
2023-06-27 19:30:33,221 DEBUG   HandlerThread:58069 [handler.py:handle_request():144] handle_request: stop_status
2023-06-27 19:30:33,223 DEBUG   SenderThread:58069 [sender.py:send_request():363] send_request: stop_status
2023-06-27 19:30:37,670 DEBUG   HandlerThread:58069 [handler.py:handle_request():144] handle_request: status_report
2023-06-27 19:30:42,673 DEBUG   HandlerThread:58069 [handler.py:handle_request():144] handle_request: status_report
2023-06-27 19:30:47,675 DEBUG   HandlerThread:58069 [handler.py:handle_request():144] handle_request: status_report
2023-06-27 19:30:48,222 DEBUG   HandlerThread:58069 [handler.py:handle_request():144] handle_request: stop_status
2023-06-27 19:30:48,224 DEBUG   SenderThread:58069 [sender.py:send_request():363] send_request: stop_status
2023-06-27 19:30:53,520 DEBUG   HandlerThread:58069 [handler.py:handle_request():144] handle_request: status_report
2023-06-27 19:30:58,523 DEBUG   HandlerThread:58069 [handler.py:handle_request():144] handle_request: status_report
2023-06-27 19:31:03,221 DEBUG   HandlerThread:58069 [handler.py:handle_request():144] handle_request: stop_status
2023-06-27 19:31:03,223 DEBUG   SenderThread:58069 [sender.py:send_request():363] send_request: stop_status
2023-06-27 19:31:03,569 DEBUG   HandlerThread:58069 [handler.py:handle_request():144] handle_request: status_report
2023-06-27 19:31:08,571 DEBUG   HandlerThread:58069 [handler.py:handle_request():144] handle_request: status_report
2023-06-27 19:31:13,574 DEBUG   HandlerThread:58069 [handler.py:handle_request():144] handle_request: status_report
2023-06-27 19:31:18,223 DEBUG   HandlerThread:58069 [handler.py:handle_request():144] handle_request: stop_status
2023-06-27 19:31:18,224 DEBUG   SenderThread:58069 [sender.py:send_request():363] send_request: stop_status
2023-06-27 19:31:18,647 DEBUG   HandlerThread:58069 [handler.py:handle_request():144] handle_request: status_report
2023-06-27 19:31:23,651 DEBUG   HandlerThread:58069 [handler.py:handle_request():144] handle_request: status_report
2023-06-27 19:31:28,652 DEBUG   HandlerThread:58069 [handler.py:handle_request():144] handle_request: status_report
2023-06-27 19:31:33,223 DEBUG   HandlerThread:58069 [handler.py:handle_request():144] handle_request: stop_status
2023-06-27 19:31:33,225 DEBUG   SenderThread:58069 [sender.py:send_request():363] send_request: stop_status
2023-06-27 19:31:33,677 DEBUG   HandlerThread:58069 [handler.py:handle_request():144] handle_request: status_report
2023-06-27 19:31:38,679 DEBUG   HandlerThread:58069 [handler.py:handle_request():144] handle_request: status_report
2023-06-27 19:31:43,681 DEBUG   HandlerThread:58069 [handler.py:handle_request():144] handle_request: status_report
2023-06-27 19:31:48,224 DEBUG   HandlerThread:58069 [handler.py:handle_request():144] handle_request: stop_status
2023-06-27 19:31:48,225 DEBUG   SenderThread:58069 [sender.py:send_request():363] send_request: stop_status
2023-06-27 19:31:49,527 DEBUG   HandlerThread:58069 [handler.py:handle_request():144] handle_request: status_report
2023-06-27 19:31:54,530 DEBUG   HandlerThread:58069 [handler.py:handle_request():144] handle_request: status_report
2023-06-27 19:31:59,532 DEBUG   HandlerThread:58069 [handler.py:handle_request():144] handle_request: status_report
2023-06-27 19:32:03,224 DEBUG   HandlerThread:58069 [handler.py:handle_request():144] handle_request: stop_status
2023-06-27 19:32:03,226 DEBUG   SenderThread:58069 [sender.py:send_request():363] send_request: stop_status
2023-06-27 19:32:04,551 DEBUG   HandlerThread:58069 [handler.py:handle_request():144] handle_request: status_report
2023-06-27 19:32:09,553 DEBUG   HandlerThread:58069 [handler.py:handle_request():144] handle_request: status_report
2023-06-27 19:32:14,554 DEBUG   HandlerThread:58069 [handler.py:handle_request():144] handle_request: status_report
2023-06-27 19:32:18,224 DEBUG   HandlerThread:58069 [handler.py:handle_request():144] handle_request: stop_status
2023-06-27 19:32:18,226 DEBUG   SenderThread:58069 [sender.py:send_request():363] send_request: stop_status
2023-06-27 19:32:19,629 DEBUG   HandlerThread:58069 [handler.py:handle_request():144] handle_request: status_report
2023-06-27 19:32:24,630 DEBUG   HandlerThread:58069 [handler.py:handle_request():144] handle_request: status_report
2023-06-27 19:32:29,633 DEBUG   HandlerThread:58069 [handler.py:handle_request():144] handle_request: status_report
2023-06-27 19:32:33,223 DEBUG   HandlerThread:58069 [handler.py:handle_request():144] handle_request: stop_status
2023-06-27 19:32:33,225 DEBUG   SenderThread:58069 [sender.py:send_request():363] send_request: stop_status
2023-06-27 19:32:35,610 DEBUG   HandlerThread:58069 [handler.py:handle_request():144] handle_request: status_report
2023-06-27 19:32:40,612 DEBUG   HandlerThread:58069 [handler.py:handle_request():144] handle_request: status_report
2023-06-27 19:32:45,614 DEBUG   HandlerThread:58069 [handler.py:handle_request():144] handle_request: status_report
2023-06-27 19:32:48,225 DEBUG   HandlerThread:58069 [handler.py:handle_request():144] handle_request: stop_status
2023-06-27 19:32:48,226 DEBUG   SenderThread:58069 [sender.py:send_request():363] send_request: stop_status
2023-06-27 19:32:50,634 DEBUG   HandlerThread:58069 [handler.py:handle_request():144] handle_request: status_report
2023-06-27 19:32:55,636 DEBUG   HandlerThread:58069 [handler.py:handle_request():144] handle_request: status_report
2023-06-27 19:33:00,639 DEBUG   HandlerThread:58069 [handler.py:handle_request():144] handle_request: status_report
2023-06-27 19:33:03,224 DEBUG   HandlerThread:58069 [handler.py:handle_request():144] handle_request: stop_status
2023-06-27 19:33:03,227 DEBUG   SenderThread:58069 [sender.py:send_request():363] send_request: stop_status
2023-06-27 19:33:06,586 DEBUG   HandlerThread:58069 [handler.py:handle_request():144] handle_request: status_report
2023-06-27 19:33:11,587 DEBUG   HandlerThread:58069 [handler.py:handle_request():144] handle_request: status_report
2023-06-27 19:33:16,590 DEBUG   HandlerThread:58069 [handler.py:handle_request():144] handle_request: status_report
2023-06-27 19:33:18,226 DEBUG   HandlerThread:58069 [handler.py:handle_request():144] handle_request: stop_status
2023-06-27 19:33:18,228 DEBUG   SenderThread:58069 [sender.py:send_request():363] send_request: stop_status
2023-06-27 19:33:22,499 DEBUG   HandlerThread:58069 [handler.py:handle_request():144] handle_request: status_report
2023-06-27 19:33:27,501 DEBUG   HandlerThread:58069 [handler.py:handle_request():144] handle_request: status_report
2023-06-27 19:33:32,503 DEBUG   HandlerThread:58069 [handler.py:handle_request():144] handle_request: status_report
2023-06-27 19:33:33,226 DEBUG   HandlerThread:58069 [handler.py:handle_request():144] handle_request: stop_status
2023-06-27 19:33:33,228 DEBUG   SenderThread:58069 [sender.py:send_request():363] send_request: stop_status
2023-06-27 19:33:37,590 DEBUG   HandlerThread:58069 [handler.py:handle_request():144] handle_request: status_report
2023-06-27 19:33:42,592 DEBUG   HandlerThread:58069 [handler.py:handle_request():144] handle_request: status_report
2023-06-27 19:33:47,594 DEBUG   HandlerThread:58069 [handler.py:handle_request():144] handle_request: status_report
2023-06-27 19:33:48,224 DEBUG   HandlerThread:58069 [handler.py:handle_request():144] handle_request: stop_status
2023-06-27 19:33:48,225 DEBUG   SenderThread:58069 [sender.py:send_request():363] send_request: stop_status
2023-06-27 19:33:53,552 DEBUG   HandlerThread:58069 [handler.py:handle_request():144] handle_request: status_report
2023-06-27 19:33:58,555 DEBUG   HandlerThread:58069 [handler.py:handle_request():144] handle_request: status_report
2023-06-27 19:34:03,226 DEBUG   HandlerThread:58069 [handler.py:handle_request():144] handle_request: stop_status
2023-06-27 19:34:03,227 DEBUG   SenderThread:58069 [sender.py:send_request():363] send_request: stop_status
2023-06-27 19:34:03,591 DEBUG   HandlerThread:58069 [handler.py:handle_request():144] handle_request: status_report
2023-06-27 19:34:08,594 DEBUG   HandlerThread:58069 [handler.py:handle_request():144] handle_request: status_report
2023-06-27 19:34:13,596 DEBUG   HandlerThread:58069 [handler.py:handle_request():144] handle_request: status_report
2023-06-27 19:34:18,227 DEBUG   HandlerThread:58069 [handler.py:handle_request():144] handle_request: stop_status
2023-06-27 19:34:18,228 DEBUG   SenderThread:58069 [sender.py:send_request():363] send_request: stop_status
2023-06-27 19:34:19,541 DEBUG   HandlerThread:58069 [handler.py:handle_request():144] handle_request: status_report
2023-06-27 19:34:24,542 DEBUG   HandlerThread:58069 [handler.py:handle_request():144] handle_request: status_report
2023-06-27 19:34:29,544 DEBUG   HandlerThread:58069 [handler.py:handle_request():144] handle_request: status_report
2023-06-27 19:34:33,227 DEBUG   HandlerThread:58069 [handler.py:handle_request():144] handle_request: stop_status
2023-06-27 19:34:33,230 DEBUG   SenderThread:58069 [sender.py:send_request():363] send_request: stop_status
2023-06-27 19:34:34,597 DEBUG   HandlerThread:58069 [handler.py:handle_request():144] handle_request: status_report
2023-06-27 19:34:39,600 DEBUG   HandlerThread:58069 [handler.py:handle_request():144] handle_request: status_report
2023-06-27 19:34:44,602 DEBUG   HandlerThread:58069 [handler.py:handle_request():144] handle_request: status_report
2023-06-27 19:34:48,227 DEBUG   HandlerThread:58069 [handler.py:handle_request():144] handle_request: stop_status
2023-06-27 19:34:48,228 DEBUG   SenderThread:58069 [sender.py:send_request():363] send_request: stop_status
2023-06-27 19:34:50,536 DEBUG   HandlerThread:58069 [handler.py:handle_request():144] handle_request: status_report
2023-06-27 19:34:55,539 DEBUG   HandlerThread:58069 [handler.py:handle_request():144] handle_request: status_report
2023-06-27 19:35:00,541 DEBUG   HandlerThread:58069 [handler.py:handle_request():144] handle_request: status_report
2023-06-27 19:35:03,227 DEBUG   HandlerThread:58069 [handler.py:handle_request():144] handle_request: stop_status
2023-06-27 19:35:03,229 DEBUG   SenderThread:58069 [sender.py:send_request():363] send_request: stop_status
2023-06-27 19:35:06,520 DEBUG   HandlerThread:58069 [handler.py:handle_request():144] handle_request: status_report
2023-06-27 19:35:11,522 DEBUG   HandlerThread:58069 [handler.py:handle_request():144] handle_request: status_report
2023-06-27 19:35:16,524 DEBUG   HandlerThread:58069 [handler.py:handle_request():144] handle_request: status_report
2023-06-27 19:35:18,228 DEBUG   HandlerThread:58069 [handler.py:handle_request():144] handle_request: stop_status
2023-06-27 19:35:18,229 DEBUG   SenderThread:58069 [sender.py:send_request():363] send_request: stop_status
2023-06-27 19:35:21,550 DEBUG   HandlerThread:58069 [handler.py:handle_request():144] handle_request: status_report
2023-06-27 19:35:26,552 DEBUG   HandlerThread:58069 [handler.py:handle_request():144] handle_request: status_report
2023-06-27 19:35:31,553 DEBUG   HandlerThread:58069 [handler.py:handle_request():144] handle_request: status_report
2023-06-27 19:35:33,228 DEBUG   HandlerThread:58069 [handler.py:handle_request():144] handle_request: stop_status
2023-06-27 19:35:33,230 DEBUG   SenderThread:58069 [sender.py:send_request():363] send_request: stop_status
2023-06-27 19:35:36,602 DEBUG   HandlerThread:58069 [handler.py:handle_request():144] handle_request: status_report
2023-06-27 19:35:41,603 DEBUG   HandlerThread:58069 [handler.py:handle_request():144] handle_request: status_report
2023-06-27 19:35:46,606 DEBUG   HandlerThread:58069 [handler.py:handle_request():144] handle_request: status_report
2023-06-27 19:35:48,229 DEBUG   HandlerThread:58069 [handler.py:handle_request():144] handle_request: stop_status
2023-06-27 19:35:48,230 DEBUG   SenderThread:58069 [sender.py:send_request():363] send_request: stop_status
2023-06-27 19:35:52,555 DEBUG   HandlerThread:58069 [handler.py:handle_request():144] handle_request: status_report
2023-06-27 19:35:57,557 DEBUG   HandlerThread:58069 [handler.py:handle_request():144] handle_request: status_report
2023-06-27 19:36:02,559 DEBUG   HandlerThread:58069 [handler.py:handle_request():144] handle_request: status_report
2023-06-27 19:36:03,228 DEBUG   HandlerThread:58069 [handler.py:handle_request():144] handle_request: stop_status
2023-06-27 19:36:03,230 DEBUG   SenderThread:58069 [sender.py:send_request():363] send_request: stop_status
2023-06-27 19:36:07,612 DEBUG   HandlerThread:58069 [handler.py:handle_request():144] handle_request: status_report
2023-06-27 19:36:12,614 DEBUG   HandlerThread:58069 [handler.py:handle_request():144] handle_request: status_report
2023-06-27 19:36:17,615 DEBUG   HandlerThread:58069 [handler.py:handle_request():144] handle_request: status_report
2023-06-27 19:36:18,227 DEBUG   HandlerThread:58069 [handler.py:handle_request():144] handle_request: stop_status
2023-06-27 19:36:18,228 DEBUG   SenderThread:58069 [sender.py:send_request():363] send_request: stop_status
2023-06-27 19:36:22,691 DEBUG   HandlerThread:58069 [handler.py:handle_request():144] handle_request: status_report
2023-06-27 19:36:27,693 DEBUG   HandlerThread:58069 [handler.py:handle_request():144] handle_request: status_report
2023-06-27 19:36:32,695 DEBUG   HandlerThread:58069 [handler.py:handle_request():144] handle_request: status_report
2023-06-27 19:36:33,229 DEBUG   HandlerThread:58069 [handler.py:handle_request():144] handle_request: stop_status
2023-06-27 19:36:33,231 DEBUG   SenderThread:58069 [sender.py:send_request():363] send_request: stop_status
2023-06-27 19:36:38,613 DEBUG   HandlerThread:58069 [handler.py:handle_request():144] handle_request: status_report
2023-06-27 19:36:43,614 DEBUG   HandlerThread:58069 [handler.py:handle_request():144] handle_request: status_report
2023-06-27 19:36:48,230 DEBUG   HandlerThread:58069 [handler.py:handle_request():144] handle_request: stop_status
2023-06-27 19:36:48,232 DEBUG   SenderThread:58069 [sender.py:send_request():363] send_request: stop_status
2023-06-27 19:36:49,559 DEBUG   HandlerThread:58069 [handler.py:handle_request():144] handle_request: status_report
2023-06-27 19:36:54,561 DEBUG   HandlerThread:58069 [handler.py:handle_request():144] handle_request: status_report
2023-06-27 19:36:59,563 DEBUG   HandlerThread:58069 [handler.py:handle_request():144] handle_request: status_report
2023-06-27 19:37:03,231 DEBUG   HandlerThread:58069 [handler.py:handle_request():144] handle_request: stop_status
2023-06-27 19:37:03,233 DEBUG   SenderThread:58069 [sender.py:send_request():363] send_request: stop_status
2023-06-27 19:37:04,614 DEBUG   HandlerThread:58069 [handler.py:handle_request():144] handle_request: status_report
2023-06-27 19:37:09,615 DEBUG   HandlerThread:58069 [handler.py:handle_request():144] handle_request: status_report
2023-06-27 19:37:14,617 DEBUG   HandlerThread:58069 [handler.py:handle_request():144] handle_request: status_report
2023-06-27 19:37:18,232 DEBUG   HandlerThread:58069 [handler.py:handle_request():144] handle_request: stop_status
2023-06-27 19:37:18,233 DEBUG   SenderThread:58069 [sender.py:send_request():363] send_request: stop_status
2023-06-27 19:37:20,567 DEBUG   HandlerThread:58069 [handler.py:handle_request():144] handle_request: status_report
2023-06-27 19:37:25,569 DEBUG   HandlerThread:58069 [handler.py:handle_request():144] handle_request: status_report
2023-06-27 19:37:30,571 DEBUG   HandlerThread:58069 [handler.py:handle_request():144] handle_request: status_report
2023-06-27 19:37:33,232 DEBUG   HandlerThread:58069 [handler.py:handle_request():144] handle_request: stop_status
2023-06-27 19:37:33,233 DEBUG   SenderThread:58069 [sender.py:send_request():363] send_request: stop_status
2023-06-27 19:37:35,621 DEBUG   HandlerThread:58069 [handler.py:handle_request():144] handle_request: status_report
2023-06-27 20:05:01,560 DEBUG   HandlerThread:58069 [handler.py:handle_request():144] handle_request: stop_status
2023-06-27 20:05:01,561 DEBUG   SenderThread:58069 [sender.py:send_request():363] send_request: stop_status
2023-06-27 20:05:05,022 INFO    SenderThread:58069 [retry.py:__call__():172] Retry attempt failed:
Traceback (most recent call last):
  File "/home/vadim/.local/lib/python3.8/site-packages/urllib3/connection.py", line 174, in _new_conn
    conn = connection.create_connection(
  File "/home/vadim/.local/lib/python3.8/site-packages/urllib3/util/connection.py", line 72, in create_connection
    for res in socket.getaddrinfo(host, port, family, socket.SOCK_STREAM):
  File "/usr/lib/python3.8/socket.py", line 918, in getaddrinfo
    for res in _socket.getaddrinfo(host, port, family, type, proto, flags):
socket.gaierror: [Errno -3] Temporary failure in name resolution

During handling of the above exception, another exception occurred:

Traceback (most recent call last):
  File "/home/vadim/.local/lib/python3.8/site-packages/urllib3/connectionpool.py", line 703, in urlopen
    httplib_response = self._make_request(
  File "/home/vadim/.local/lib/python3.8/site-packages/urllib3/connectionpool.py", line 386, in _make_request
    self._validate_conn(conn)
  File "/home/vadim/.local/lib/python3.8/site-packages/urllib3/connectionpool.py", line 1042, in _validate_conn
    conn.connect()
  File "/home/vadim/.local/lib/python3.8/site-packages/urllib3/connection.py", line 363, in connect
    self.sock = conn = self._new_conn()
  File "/home/vadim/.local/lib/python3.8/site-packages/urllib3/connection.py", line 186, in _new_conn
    raise NewConnectionError(
urllib3.exceptions.NewConnectionError: <urllib3.connection.HTTPSConnection object at 0x7f24440d5520>: Failed to establish a new connection: [Errno -3] Temporary failure in name resolution

During handling of the above exception, another exception occurred:

Traceback (most recent call last):
  File "/home/vadim/.local/lib/python3.8/site-packages/requests/adapters.py", line 489, in send
    resp = conn.urlopen(
  File "/home/vadim/.local/lib/python3.8/site-packages/urllib3/connectionpool.py", line 787, in urlopen
    retries = retries.increment(
  File "/home/vadim/.local/lib/python3.8/site-packages/urllib3/util/retry.py", line 592, in increment
    raise MaxRetryError(_pool, url, error or ResponseError(cause))
urllib3.exceptions.MaxRetryError: HTTPSConnectionPool(host='api.wandb.ai', port=443): Max retries exceeded with url: /graphql (Caused by NewConnectionError('<urllib3.connection.HTTPSConnection object at 0x7f24440d5520>: Failed to establish a new connection: [Errno -3] Temporary failure in name resolution'))

During handling of the above exception, another exception occurred:

Traceback (most recent call last):
  File "/home/vadim/.local/lib/python3.8/site-packages/wandb/sdk/lib/retry.py", line 131, in __call__
    result = self._call_fn(*args, **kwargs)
  File "/home/vadim/.local/lib/python3.8/site-packages/wandb/sdk/internal/internal_api.py", line 243, in execute
    return self.client.execute(*args, **kwargs)  # type: ignore
  File "/home/vadim/.local/lib/python3.8/site-packages/wandb/vendor/gql-0.2.0/wandb_gql/client.py", line 52, in execute
    result = self._get_result(document, *args, **kwargs)
  File "/home/vadim/.local/lib/python3.8/site-packages/wandb/vendor/gql-0.2.0/wandb_gql/client.py", line 60, in _get_result
    return self.transport.execute(document, *args, **kwargs)
  File "/home/vadim/.local/lib/python3.8/site-packages/wandb/vendor/gql-0.2.0/wandb_gql/transport/requests.py", line 38, in execute
    request = requests.post(self.url, **post_args)
  File "/home/vadim/.local/lib/python3.8/site-packages/requests/api.py", line 115, in post
    return request("post", url, data=data, json=json, **kwargs)
  File "/home/vadim/.local/lib/python3.8/site-packages/requests/api.py", line 59, in request
    return session.request(method=method, url=url, **kwargs)
  File "/home/vadim/.local/lib/python3.8/site-packages/requests/sessions.py", line 587, in request
    resp = self.send(prep, **send_kwargs)
  File "/home/vadim/.local/lib/python3.8/site-packages/requests/sessions.py", line 701, in send
    r = adapter.send(request, **kwargs)
  File "/home/vadim/.local/lib/python3.8/site-packages/requests/adapters.py", line 565, in send
    raise ConnectionError(e, request=request)
requests.exceptions.ConnectionError: HTTPSConnectionPool(host='api.wandb.ai', port=443): Max retries exceeded with url: /graphql (Caused by NewConnectionError('<urllib3.connection.HTTPSConnection object at 0x7f24440d5520>: Failed to establish a new connection: [Errno -3] Temporary failure in name resolution'))
2023-06-27 20:05:06,563 DEBUG   HandlerThread:58069 [handler.py:handle_request():144] handle_request: keepalive
2023-06-27 20:05:10,182 DEBUG   HandlerThread:58069 [handler.py:handle_request():144] handle_request: status_report
2023-06-27 20:05:10,568 INFO    Thread-13 :58069 [dir_watcher.py:_on_file_created():278] file/dir created: /home/vadim/potts_3d_new/wandb/run-20230627_192547-abie39zw/files/output.log
2023-06-27 20:05:12,222 WARNING FileStreamThread:58069 [file_stream.py:request_with_retry():670] requests_with_retry encountered retryable exception: ('Connection aborted.', ConnectionResetError(104, 'Connection reset by peer')). func: <bound method Session.post of <requests.sessions.Session object at 0x7f24441ee430>>, args: ('https://api.wandb.ai/files/v2802/potts-optimization/abie39zw/file_stream',), kwargs: {'json': {'files': {'output.log': {'offset': 0, 'content': ['ERROR 2023-06-27T17:05:12.189817 wandb: Network error (ConnectionError), entering retry loop.\n']}}, 'dropped': 0}}
2023-06-27 20:05:12,571 INFO    Thread-13 :58069 [dir_watcher.py:_on_file_modified():295] file/dir modified: /home/vadim/potts_3d_new/wandb/run-20230627_192547-abie39zw/files/output.log
2023-06-27 20:05:15,187 DEBUG   HandlerThread:58069 [handler.py:handle_request():144] handle_request: status_report
2023-06-27 20:05:16,561 DEBUG   HandlerThread:58069 [handler.py:handle_request():144] handle_request: keepalive
2023-06-27 20:05:16,562 DEBUG   HandlerThread:58069 [handler.py:handle_request():144] handle_request: stop_status
2023-06-27 20:05:16,563 DEBUG   SenderThread:58069 [sender.py:send_request():363] send_request: stop_status
2023-06-27 20:05:20,796 DEBUG   HandlerThread:58069 [handler.py:handle_request():144] handle_request: status_report
